<?xml version="1.0" encoding="UTF-8"?>
<!-- Generated by org.testng.reporters.JUnitXMLReporter -->
<testsuite hostname="LAPTOP-U74VNKKC" ignored="0" name="Test" tests="1" failures="1" timestamp="2022-03-14T13:44:54 IST" time="20.015" errors="0">
  <testcase name="testCase01" time="5.018" classname="testClass.TestClass">
    <failure type="java.lang.AssertionError" message="null">
      <![CDATA[java.lang.AssertionError: null
at testClass.TestClass.testCase01(TestClass.java:76)
at java.util.ArrayList.forEach(Unknown Source)
... Removed 29 stack frames]]>
    </failure>
  </testcase> <!-- testCase01 -->
</testsuite> <!-- Test -->
